<?xml version="1.0" encoding="UTF-8"?>
<!-- Generated by org.testng.reporters.JUnitReportReporter -->
<testsuite skipped="0" hostname="SHREE-PC" name="tests.TestOne" tests="6" failures="0" timestamp="2020-06-04T20:35:30 IST" time="32.128" errors="0">
  <testcase name="viewHomePage" time="4.852" classname="tests.TestOne"/>
  <system-out/>
  <testcase name="viewHomePage" time="7.032" classname="tests.TestOne"/>
  <system-out/>
  <testcase name="viewAccountPage" time="14.795" classname="tests.TestOne"/>
  <system-out/>
  <testcase name="viewAccountPage" time="4.939" classname="tests.TestOne"/>
  <system-out/>
  <testcase name="displayMessage" time="0.391" classname="tests.TestOne"/>
  <system-out/>
  <testcase name="displayMessage" time="0.119" classname="tests.TestOne"/>
  <system-out/>
</testsuite> <!-- tests.TestOne -->
